image-cropper/build/outputs/mapping/release/mapping.txt
# compiler: R8
# compiler_version: 8.8.18
# common_typos_disable
# {"id":"com.android.tools.r8.mapping","version":"2.2"}
# pg_map_id: 9b20f31
# pg_map_hash: SHA-256 9b20f3195b4d0d44fa3ea09e7783c6c95b8208da5afc62b7d9251e78983d3dec
com.vshpyrka.imagecropper.BitmapLoader -> com.vshpyrka.imagecropper.BitmapLoader:
# {"id":"sourceFile","fileName":"BitmapLoader.kt"}
    1:1:void <init>():19:19 -> <init>
    1:1:int access$calculateInSampleSize(com.vshpyrka.imagecropper.BitmapLoader,int,int,int,int):19:19 -> access$calculateInSampleSize
    1:3:int calculateInSampleSize(int,int,int,int):159:161 -> calculateInSampleSize
    1:1:java.lang.Object loadBitmap(android.content.Context,android.net.Uri,int,int,kotlinx.coroutines.CoroutineDispatcher,kotlin.coroutines.Continuation):37:37 -> loadBitmap
    1:1:java.lang.Object loadBitmap$default(com.vshpyrka.imagecropper.BitmapLoader,android.content.Context,android.net.Uri,int,int,kotlinx.coroutines.CoroutineDispatcher,kotlin.coroutines.Continuation,int,java.lang.Object):36:36 -> loadBitmap$default
    2:2:java.lang.Object loadBitmap$default(com.vshpyrka.imagecropper.BitmapLoader,android.content.Context,android.net.Uri,int,int,kotlinx.coroutines.CoroutineDispatcher,kotlin.coroutines.Continuation,int,java.lang.Object):31:31 -> loadBitmap$default
    1:1:java.lang.Object loadBitmapFromAssets(android.content.Context,java.lang.String,int,int,kotlinx.coroutines.CoroutineDispatcher,kotlin.coroutines.Continuation):100:100 -> loadBitmapFromAssets
com.vshpyrka.imagecropper.BitmapLoader$loadBitmap$2 -> a.a:
# {"id":"sourceFile","fileName":"BitmapLoader.kt"}
    java.lang.Object L$0 -> a
    android.content.Context $context -> b
    android.net.Uri $uri -> c
    int $maxWidth -> d
    int $maxHeight -> e
    1:1:void <init>(android.content.Context,android.net.Uri,int,int,kotlin.coroutines.Continuation):0:0 -> <init>
    1:1:kotlin.coroutines.Continuation create(java.lang.Object,kotlin.coroutines.Continuation):0:0 -> create
    1:1:java.lang.Object invoke(kotlinx.coroutines.CoroutineScope,kotlin.coroutines.Continuation):0:0 -> invoke
    1:1:java.lang.Object invoke(java.lang.Object,java.lang.Object):0 -> invoke
    1:12:java.lang.Object invokeSuspend(java.lang.Object):37:48 -> invokeSuspend
    13:37:java.lang.Object invokeSuspend(java.lang.Object):45:69 -> invokeSuspend
    38:43:java.lang.Object invokeSuspend(java.lang.Object):68:73 -> invokeSuspend
    44:44:java.lang.Object invokeSuspend(java.lang.Object):58:58 -> invokeSuspend
    45:78:java.lang.Object invokeSuspend(java.lang.Object) -> invokeSuspend
com.vshpyrka.imagecropper.BitmapLoader$loadBitmapFromAssets$2 -> a.b:
# {"id":"sourceFile","fileName":"BitmapLoader.kt"}
    android.content.Context $context -> a
    java.lang.String $fileName -> b
    int $maxWidth -> c
    int $maxHeight -> d
    1:1:void <init>(android.content.Context,java.lang.String,int,int,kotlin.coroutines.Continuation):0:0 -> <init>
    1:1:kotlin.coroutines.Continuation create(java.lang.Object,kotlin.coroutines.Continuation):0:0 -> create
    1:1:java.lang.Object invoke(kotlinx.coroutines.CoroutineScope,kotlin.coroutines.Continuation):0:0 -> invoke
    1:1:java.lang.Object invoke(java.lang.Object,java.lang.Object):0 -> invoke
    1:10:java.lang.Object invokeSuspend(java.lang.Object):100:109 -> invokeSuspend
    11:32:java.lang.Object invokeSuspend(java.lang.Object):106:127 -> invokeSuspend
    33:38:java.lang.Object invokeSuspend(java.lang.Object):126:131 -> invokeSuspend
    39:39:java.lang.Object invokeSuspend(java.lang.Object):126:126 -> invokeSuspend
    40:40:java.lang.Object invokeSuspend(java.lang.Object):116:116 -> invokeSuspend
    41:71:java.lang.Object invokeSuspend(java.lang.Object):106:136 -> invokeSuspend